<?xml version="1.0" encoding="UTF-8"?>
<!-- Generated by org.testng.reporters.JUnitReportReporter -->
<testsuite skipped="0" hostname="IGSA937002-PC" name="Testcases.LandingPageTestCases" tests="2" failures="0" timestamp="2021-07-19T15:51:02 AEST" time="68.593" errors="0">
  <testcase name="landingPageTestCases_01" time="33.680" classname="Testcases.LandingPageTestCases"/>
  <system-out/>
  <testcase name="createAccountTestcase" time="34.913" classname="Testcases.LandingPageTestCases"/>
  <system-out/>
</testsuite> <!-- Testcases.LandingPageTestCases -->
